2019-03-18 07:23:20,013 - CRITICAL - You can not connect with server! 
2019-03-18 08:21:22,490 - CRITICAL - You can not connect with server! 
2019-03-18 08:21:22,492 - CRITICAL - You can not connect with server! No address was supplied. 
2019-03-18 08:25:26,412 - CRITICAL - You can not connect with server! 
2019-03-18 08:25:26,414 - CRITICAL - You can not connect with server! No address was supplied. 
2019-03-18 17:00:16,192 - DEBUG - __main__ - Создать сокет TCP 
2019-03-18 17:00:17,230 - CRITICAL - __main__ - You can not connect with server! 
2019-03-18 17:00:17,230 - CRITICAL - __main__ - No address was supplied. 
2019-03-18 17:01:04,727 - DEBUG - __main__ - Создать сокет TCP 
2019-03-18 17:01:05,723 - CRITICAL - __main__ - You can not connect with server! 
2019-03-18 17:01:05,723 - CRITICAL - __main__ - No address was supplied. 
2019-03-18 17:02:31,314 - DEBUG - __main__ - Создать сокет TCP 
2019-03-18 17:02:32,317 - CRITICAL - __main__ - You can not connect with server! 
2019-03-18 17:02:32,317 - CRITICAL - __main__ - No address was supplied. 
2019-03-18 17:03:24,180 - DEBUG - __main__ - Создать сокет TCP 
2019-03-18 17:03:25,183 - CRITICAL - __main__ - You can not connect with server! 
2019-03-18 17:03:25,183 - CRITICAL - __main__ - No address was supplied. 
2019-03-18 17:04:23,833 - DEBUG - __main__ - Создать сокет TCP 
2019-03-18 17:04:24,837 - CRITICAL - __main__ - You can not connect with server! 
2019-03-18 17:04:24,837 - CRITICAL - __main__ - No address was supplied. 
2019-03-18 17:04:52,441 - DEBUG - __main__ - Создать сокет TCP 
2019-03-18 17:04:53,444 - CRITICAL - __main__ - You can not connect with server! 
2019-03-18 17:04:53,444 - CRITICAL - __main__ - No address was supplied. 
2019-03-18 17:07:23,041 - DEBUG - __main__ - Создать сокет TCP 
2019-03-18 17:07:24,044 - CRITICAL - __main__ - You can not connect with server! 
2019-03-18 17:07:24,044 - CRITICAL - __main__ - No address was supplied. 
2019-03-18 17:09:00,928 - DEBUG - __main__ - Создать сокет TCP 
2019-03-18 17:09:01,930 - CRITICAL - __main__ - You can not connect with server! 
2019-03-18 17:09:01,930 - CRITICAL - __main__ - No address was supplied. 
2019-03-18 17:10:49,562 - DEBUG - __main__ - Создать сокет TCP 
2019-03-18 17:10:50,564 - CRITICAL - __main__ - You can not connect with server! 
2019-03-18 17:10:50,564 - CRITICAL - __main__ - No address was supplied. 
2019-03-18 17:11:44,448 - DEBUG - __main__ - Создать сокет TCP 
2019-03-18 17:12:04,974 - CRITICAL - __main__ - You can not connect with server! 
2019-03-18 17:12:28,119 - CRITICAL - __main__ - No address was supplied. 
2019-03-18 17:15:29,609 - CRITICAL - __main__ - You can not connect with server! 
2019-03-18 17:15:29,609 - CRITICAL - __main__ - No address was supplied. 
2019-03-18 17:17:05,254 - DEBUG - __main__ - Создать сокет TCP 
2019-03-18 17:17:06,257 - CRITICAL - __main__ - You can not connect with server! 
2019-03-18 17:17:06,257 - CRITICAL - __main__ - No address was supplied. 
2019-03-18 17:21:31,431 - DEBUG - __main__ - Создать сокет TCP 
2019-03-18 17:22:09,536 - DEBUG - __main__ - Создать сокет TCP 
2019-03-18 17:22:10,540 - CRITICAL - __main__ - You can not connect with server! 
2019-03-18 17:22:10,540 - CRITICAL - __main__ - No address was supplied. 
2019-03-18 17:23:20,586 - DEBUG - Создать сокет TCP 
2019-03-18 17:23:21,598 - CRITICAL - You can not connect with server! 
2019-03-18 17:23:21,598 - CRITICAL - No address was supplied. 
2019-03-18 17:25:24,666 - DEBUG - Создать сокет TCP 
2019-03-18 17:25:24,682 - DEBUG - Соединиться с сервером 
2019-03-18 17:25:24,682 - DEBUG - Послали сообщение серверу 
2019-03-18 17:25:24,682 - DEBUG - Приняли сообщение от сервера 
2019-03-18 17:25:24,682 - DEBUG - Послали сообщение серверу 
2019-03-18 17:26:35,420 - DEBUG - Создать сокет TCP 
2019-03-18 17:26:35,420 - DEBUG - Соединиться с сервером 
2019-03-18 17:26:35,420 - DEBUG - Послали сообщение серверу 
2019-03-18 17:26:35,420 - DEBUG - Приняли сообщение от сервера 
2019-03-18 17:26:35,420 - DEBUG - Послали сообщение серверу 
2019-03-18 17:30:56,380 - DEBUG - Создать сокет TCP 
2019-03-18 17:30:56,380 - DEBUG - Соединиться с сервером 
2019-03-18 17:30:56,380 - DEBUG - Послали сообщение серверу 
2019-03-18 17:30:56,380 - DEBUG - Приняли сообщение от сервера 
2019-03-18 17:30:56,380 - DEBUG - Послали сообщение серверу 
2019-03-18 17:32:08,549 - DEBUG - Создать сокет TCP 
2019-03-18 17:34:07,708 - DEBUG - Соединиться с сервером 
2019-03-18 17:34:08,599 - DEBUG - Послали сообщение серверу 
2019-03-18 17:34:09,055 - DEBUG - Приняли сообщение от сервера 
2019-03-18 17:34:10,415 - DEBUG - Послали сообщение серверу 
2019-03-18 17:40:47,225 - DEBUG - Создать сокет TCP 
2019-03-18 17:40:48,218 - CRITICAL - You can not connect with server! 
2019-03-18 17:40:48,218 - CRITICAL - No address was supplied. 
2019-03-18 17:42:45,745 - DEBUG - Создать сокет TCP 
2019-03-18 17:42:46,749 - CRITICAL - You can not connect with server! 
2019-03-18 17:42:46,749 - CRITICAL - No address was supplied. 
2019-03-18 18:28:16,484 - INFO - Тестовый запуск логирования111111111111111111111 
2019-03-18 18:28:16,485 - DEBUG - Создать сокет TCP 
2019-03-18 18:28:17,488 - CRITICAL - You can not connect with server! 
2019-03-18 18:28:17,488 - CRITICAL - No address was supplied. 
2019-03-18 18:30:15,871 - INFO - Тестовый запуск логирования111111111111111111111 
2019-03-18 18:30:15,872 - DEBUG - Создать сокет TCP 
2019-03-18 18:30:16,874 - CRITICAL - You can not connect with server! 
2019-03-18 18:30:16,874 - CRITICAL - No address was supplied. 
2019-03-18 18:34:21,179 - INFO - Тестовый запуск логирования111111111111111111111 
2019-03-18 18:34:21,179 - DEBUG - Создать сокет TCP 
2019-03-18 18:34:22,209 - CRITICAL - You can not connect with server! 
2019-03-18 18:34:22,209 - CRITICAL - No address was supplied. 
2019-03-18 18:36:58,084 - INFO - Тестовый запуск логирования 
2019-03-18 18:36:58,084 - INFO - Тестовый запуск логирования111111111111111111111 
2019-03-18 18:36:58,084 - DEBUG - Создать сокет TCP 
2019-03-18 18:36:59,102 - CRITICAL - You can not connect with server! 
2019-03-18 18:36:59,102 - CRITICAL - No address was supplied. 
2019-03-18 18:38:53,519 - INFO - Тестовый запуск логирования 
2019-03-18 18:38:53,519 - INFO - Тестовый запуск логирования111111111111111111111 
2019-03-18 18:38:53,519 - DEBUG - Создать сокет TCP 
2019-03-18 18:38:54,536 - CRITICAL - You can not connect with server! 
2019-03-18 18:38:54,536 - CRITICAL - No address was supplied. 
2019-03-18 18:54:21,764 - INFO - Тестовый запуск логирования 
2019-03-18 18:54:21,764 - INFO - Тестовый запуск логирования111111111111111111111 
2019-03-18 18:54:21,765 - DEBUG - Создать сокет TCP 
2019-03-18 18:54:22,778 - CRITICAL - You can not connect with server! 
2019-03-18 18:54:22,778 - CRITICAL - No address was supplied. 
2019-03-19 07:53:03,359 - INFO - Тестовый запуск логирования 
2019-03-19 07:53:03,359 - INFO - Тестовый запуск логирования111111111111111111111 
2019-03-19 07:53:03,360 - DEBUG - Создать сокет TCP 
2019-03-19 07:53:04,363 - CRITICAL - You can not connect with server! 
2019-03-19 07:53:04,363 - CRITICAL - No address was supplied. 
2019-03-19 08:16:50,123 - INFO - client_log_config - ---------------Запуск клиента------------------ 
2019-03-19 08:16:50,123 - DEBUG - __main__ - Создать сокет TCP 
2019-03-19 08:16:51,125 - CRITICAL - __main__ - You can not connect with server! 
2019-03-19 08:16:51,125 - CRITICAL - __main__ - No address was supplied. 
2019-03-19 08:20:22,301 - INFO - client_log_config - Запуск клиента 
2019-03-19 08:20:22,302 - DEBUG - __main__ - Создать сокет TCP 
2019-03-19 08:20:23,305 - CRITICAL - __main__ - You can not connect with server! 
2019-03-19 08:20:23,305 - CRITICAL - __main__ - No address was supplied. 
2019-03-19 08:22:47,569 - INFO - client_log_config - Запуск клиента------------------------------------------------------------- 
2019-03-19 08:22:47,570 - DEBUG - __main__ - Создать сокет TCP 
2019-03-19 08:22:48,573 - CRITICAL - __main__ - You can not connect with server! 
2019-03-19 08:22:48,573 - CRITICAL - __main__ - No address was supplied. 
2019-03-19 08:28:14,372 - INFO - client_log_config - Запуск клиента------------------------------------------------------------- 
2019-03-19 08:28:14,372 - DEBUG - __main__ - Создать сокет TCP 
2019-03-19 08:28:15,375 - CRITICAL - __main__ - You can not connect with server! No address was supplied. 
2019-03-19 08:30:55,258 - INFO - __main__ - Запуск клиента------------------------------------------------------------- 
2019-03-19 08:30:55,259 - DEBUG - __main__ - Создать сокет TCP 
2019-03-19 08:30:56,261 - CRITICAL - __main__ - You can not connect with server! No address was supplied. 
2019-03-19 08:33:10,025 - INFO - __main__ - Запуск клиента------------------------------------------------------------- 
2019-03-19 08:33:10,026 - DEBUG - __main__ - Создать сокет TCP 
2019-03-19 08:33:11,030 - CRITICAL - __main__ - You can not connect with server! No address was supplied. 
2019-03-19 10:28:50,981 - INFO - __main__ - Запуск клиента------------------------------------------------------------- 
2019-03-19 10:28:50,982 - DEBUG - __main__ - Создать сокет TCP 
2019-03-19 10:28:50,984 - DEBUG - __main__ - Соединиться с сервером 
2019-03-19 10:28:50,985 - DEBUG - __main__ - Послали сообщение серверу 
2019-03-19 10:28:50,986 - DEBUG - __main__ - Приняли сообщение от сервера 
2019-03-19 10:28:50,986 - DEBUG - __main__ - Послали сообщение серверу 
2019-03-19 10:31:52,593 - INFO - __main__ - Запуск клиента------------------------------------------------------------- 
2019-03-19 10:31:52,594 - DEBUG - __main__ - Создать сокет TCP 
2019-03-19 10:31:52,596 - DEBUG - __main__ - Соединиться с сервером 
2019-03-19 10:31:52,596 - DEBUG - __main__ - Послали сообщение серверу 
2019-03-19 10:31:52,598 - DEBUG - __main__ - Приняли сообщение от сервера 
2019-03-19 10:31:52,598 - DEBUG - __main__ - Послали серверу на закрытие соединения 
2019-03-19 10:33:03,463 - INFO - __main__ - Запуск клиента------------------------------------------------------------- 
2019-03-19 10:33:03,464 - DEBUG - __main__ - Создать сокет TCP 
2019-03-19 10:33:04,467 - CRITICAL - __main__ - You can not connect with server! No address was supplied. 
2019-03-19 10:33:18,045 - INFO - __main__ - Запуск клиента------------------------------------------------------------- 
2019-03-19 10:33:18,046 - DEBUG - __main__ - Создать сокет TCP 
2019-03-19 10:33:19,048 - CRITICAL - __main__ - You can not connect with server! No address was supplied. 
2019-03-19 10:34:02,293 - INFO - __main__ - Запуск клиента------------------------------------------------------------- 
2019-03-19 10:34:02,293 - DEBUG - __main__ - Создать сокет TCP 
2019-03-19 10:34:02,296 - DEBUG - __main__ - Соединиться с сервером 
2019-03-19 10:34:02,296 - DEBUG - __main__ - Послали сообщение серверу 
2019-03-19 10:34:02,298 - DEBUG - __main__ - Приняли сообщение от сервера 
2019-03-19 10:34:02,298 - DEBUG - __main__ - Послали серверу на закрытие соединения 
2019-03-19 10:34:42,359 - INFO - __main__ - Запуск клиента------------------------------------------------------------- 
2019-03-19 10:34:42,360 - DEBUG - __main__ - Создать сокет TCP 
2019-03-19 10:34:42,362 - DEBUG - __main__ - Соединиться с сервером 
2019-03-19 10:34:42,362 - DEBUG - __main__ - Послали сообщение серверу 
2019-03-19 10:35:52,320 - INFO - __main__ - Запуск клиента------------------------------------------------------------- 
2019-03-19 10:35:52,321 - DEBUG - __main__ - Создать сокет TCP 
2019-03-19 10:35:52,323 - DEBUG - __main__ - Соединиться с сервером 
2019-03-19 10:35:52,324 - DEBUG - __main__ - Послали сообщение серверу 
2019-03-19 10:35:52,325 - DEBUG - __main__ - Приняли сообщение от сервера 
2019-03-19 10:35:52,325 - DEBUG - __main__ - Послали серверу на закрытие соединения 
2019-03-19 10:36:43,012 - INFO - __main__ - Запуск клиента------------------------------------------------------------- 
2019-03-19 10:36:43,012 - DEBUG - __main__ - Создать сокет TCP 
2019-03-19 10:36:43,014 - DEBUG - __main__ - Соединиться с сервером 
2019-03-19 10:36:43,014 - DEBUG - __main__ - Послали сообщение серверу 
2019-03-19 10:36:43,016 - DEBUG - __main__ - Приняли сообщение от сервера 
2019-03-19 10:36:43,017 - DEBUG - __main__ - Послали серверу на закрытие соединения 
2019-03-19 10:41:20,769 - INFO - __main__ - Запуск клиента------------------------------------------------------------- 
2019-03-19 10:41:20,770 - DEBUG - __main__ - Создать сокет TCP 
2019-03-19 10:41:20,773 - DEBUG - __main__ - Соединиться с сервером 
2019-03-19 10:41:20,773 - DEBUG - __main__ - Послали сообщение серверу 
2019-03-19 10:41:20,774 - DEBUG - __main__ - Приняли сообщение от сервера 
2019-03-19 10:41:20,775 - DEBUG - __main__ - Послали серверу на закрытие соединения 
2019-03-19 10:43:22,679 - INFO - __main__ - Запуск клиента------------------------------------------------------------- 
2019-03-19 10:43:22,680 - DEBUG - __main__ - Создать сокет TCP 
2019-03-19 10:43:22,682 - DEBUG - __main__ - Соединиться с сервером 
2019-03-19 10:43:22,682 - DEBUG - __main__ - Послали сообщение серверу 
2019-03-19 10:43:22,683 - DEBUG - __main__ - Приняли сообщение от сервера 
2019-03-19 10:43:22,684 - DEBUG - __main__ - Послали серверу на закрытие соединения 
