2019-03-19 10:28:38,099 - INFO - __main__ - Запуск сервера-------------------------------------------------------------
2019-03-19 10:28:38,101 - DEBUG - __main__ - Создает сокет TCP
2019-03-19 10:28:38,101 - DEBUG - __main__ - Присваивает порт
2019-03-19 10:28:38,102 - DEBUG - __main__ - Переходит в режим ожидания запросов
2019-03-19 10:28:50,984 - DEBUG - __main__ - сервер принял запрос на соединение от клиента
2019-03-19 10:28:50,985 - DEBUG - __main__ - сервер принял сообщение от клиента
2019-03-19 10:28:50,985 - DEBUG - __main__ - парсинг сообщения от клиента
2019-03-19 10:28:50,986 - DEBUG - __main__ - сервер посылает ответ клиенту
2019-03-19 10:28:50,986 - DEBUG - __main__ - сервер послал ссобщение клиенту
2019-03-19 10:31:52,596 - DEBUG - __main__ - сервер принял запрос на соединение от клиента
2019-03-19 10:31:52,597 - DEBUG - __main__ - сервер принял сообщение от клиента
2019-03-19 10:31:52,597 - DEBUG - __main__ - парсинг сообщения от клиента
2019-03-19 10:31:52,597 - DEBUG - __main__ - сервер посылает ответ клиенту
2019-03-19 10:31:52,598 - DEBUG - __main__ - сервер послал ссобщение клиенту
2019-03-19 10:33:33,412 - INFO - __main__ - Запуск сервера-------------------------------------------------------------
2019-03-19 10:33:33,415 - DEBUG - __main__ - Создает сокет TCP
2019-03-19 10:33:33,415 - DEBUG - __main__ - Присваивает порт
2019-03-19 10:33:33,415 - DEBUG - __main__ - Переходит в режим ожидания запросов
2019-03-19 10:34:02,296 - DEBUG - __main__ - сервер принял запрос на соединение от клиента
2019-03-19 10:34:02,297 - DEBUG - __main__ - сервер принял сообщение от клиента
2019-03-19 10:34:02,297 - DEBUG - __main__ - парсинг сообщения от клиента
2019-03-19 10:34:02,298 - DEBUG - __main__ - сервер посылает ответ клиенту
2019-03-19 10:34:02,298 - DEBUG - __main__ - сервер послал ссобщение клиенту
2019-03-19 10:35:44,430 - INFO - __main__ - Запуск сервера-------------------------------------------------------------
2019-03-19 10:35:44,431 - DEBUG - __main__ - Создает сокет TCP
2019-03-19 10:35:44,431 - DEBUG - __main__ - Присваивает порт
2019-03-19 10:35:44,431 - DEBUG - __main__ - Переходит в режим ожидания запросов
2019-03-19 10:35:52,323 - DEBUG - __main__ - сервер принял запрос на соединение от клиента
2019-03-19 10:35:52,325 - DEBUG - __main__ - сервер принял сообщение от клиента
2019-03-19 10:35:52,325 - DEBUG - __main__ - парсинг сообщения от клиента
2019-03-19 10:35:52,325 - DEBUG - __main__ - сервер посылает ответ клиенту
2019-03-19 10:35:52,325 - DEBUG - __main__ - сервер послал ссобщение клиенту
2019-03-19 10:36:37,507 - INFO - __main__ - Запуск сервера-------------------------------------------------------------
2019-03-19 10:36:37,510 - DEBUG - __main__ - Создает сокет TCP
2019-03-19 10:36:37,510 - DEBUG - __main__ - Присваивает порт
2019-03-19 10:36:37,510 - DEBUG - __main__ - Переходит в режим ожидания запросов
2019-03-19 10:36:43,014 - DEBUG - __main__ - сервер принял запрос на соединение от клиента
2019-03-19 10:36:43,015 - DEBUG - __main__ - сервер принял сообщение от клиента
2019-03-19 10:36:43,015 - DEBUG - __main__ - парсинг сообщения от клиента
2019-03-19 10:36:43,016 - DEBUG - __main__ - сервер посылает ответ клиенту
2019-03-19 10:36:43,016 - DEBUG - __main__ - сервер послал ссобщение клиенту
2019-03-19 10:41:14,644 - INFO - __main__ - Запуск сервера-------------------------------------------------------------
2019-03-19 10:41:14,647 - DEBUG - __main__ - Создает сокет TCP
2019-03-19 10:41:14,647 - DEBUG - __main__ - Присваивает порт
2019-03-19 10:41:14,647 - DEBUG - __main__ - Переходит в режим ожидания запросов
2019-03-19 10:41:20,773 - DEBUG - __main__ - сервер принял запрос на соединение от клиента
2019-03-19 10:41:20,774 - DEBUG - __main__ - сервер принял сообщение от клиента
2019-03-19 10:41:20,774 - DEBUG - __main__ - парсинг сообщения от клиента
2019-03-19 10:41:20,774 - DEBUG - __main__ - сервер посылает ответ клиенту
2019-03-19 10:41:20,774 - DEBUG - __main__ - сервер послал ссобщение клиенту
2019-03-19 10:41:20,775 - DEBUG - __main__ - сервер принял новое сообщение от клиента
2019-03-19 10:43:17,334 - INFO - __main__ - Запуск сервера-------------------------------------------------------------
2019-03-19 10:43:17,336 - DEBUG - __main__ - Создает сокет TCP
2019-03-19 10:43:17,336 - DEBUG - __main__ - Присваивает порт
2019-03-19 10:43:17,336 - DEBUG - __main__ - Переходит в режим ожидания запросов
2019-03-19 10:43:22,682 - DEBUG - __main__ - сервер принял запрос на соединение от клиента
2019-03-19 10:43:22,683 - DEBUG - __main__ - сервер принял сообщение от клиента
2019-03-19 10:43:22,683 - DEBUG - __main__ - парсинг сообщения от клиента
2019-03-19 10:43:22,683 - DEBUG - __main__ - сервер посылает ответ клиенту
2019-03-19 10:43:22,683 - DEBUG - __main__ - сервер послал ссобщение клиенту
2019-03-19 10:43:22,684 - DEBUG - __main__ - сервер принял новое сообщение от клиента
2019-03-19 10:43:22,684 - DEBUG - __main__ - парсинг сообщения от клиента
2019-03-19 10:43:22,684 - DEBUG - __main__ - клиент послал запрос на завершения сеанса
2019-03-19 10:43:22,684 - DEBUG - __main__ - сеанс работы с клиентом завершен
